\BOOKMARK [0][-]{chapter.1}{\376\377\000I\000n\000t\000r\000o\000d\000u\000c\000t\000i\000o\000n}{}% 1
\BOOKMARK [1][-]{section.1.1}{\376\377\000U\000s\000i\000n\000g\000\040\000t\000h\000i\000s\000\040\000d\000o\000c\000u\000m\000e\000n\000t\000a\000t\000i\000o\000n}{chapter.1}% 2
\BOOKMARK [2][-]{subsection.1.1.1}{\376\377\000D\000o\000x\000y\000g\000e\000n\000\040\000d\000o\000c\000u\000m\000e\000n\000t\000a\000t\000i\000o\000n}{section.1.1}% 3
\BOOKMARK [1][-]{section.1.2}{\376\377\000O\000v\000e\000r\000v\000i\000e\000w}{chapter.1}% 4
\BOOKMARK [2][-]{subsection.1.2.1}{\376\377\000H\000i\000s\000t\000o\000r\000y}{section.1.2}% 5
\BOOKMARK [2][-]{subsection.1.2.2}{\376\377\000K\000e\000y\000\040\000f\000u\000n\000c\000t\000i\000o\000n\000a\000l\000i\000t\000i\000e\000s}{section.1.2}% 6
\BOOKMARK [2][-]{subsection.1.2.3}{\376\377\000D\000e\000s\000i\000g\000n\000\040\000a\000p\000p\000r\000o\000a\000c\000h}{section.1.2}% 7
\BOOKMARK [1][-]{section.1.3}{\376\377\000I\000n\000s\000t\000a\000l\000l\000a\000t\000i\000o\000n}{chapter.1}% 8
\BOOKMARK [2][-]{subsection.1.3.1}{\376\377\000O\000b\000t\000a\000i\000n\000i\000n\000g\000\040\000c\000h\000o\000m\000b\000o\000-\000d\000i\000s\000c\000h\000a\000r\000g\000e}{section.1.3}% 9
\BOOKMARK [2][-]{subsection.1.3.2}{\376\377\000O\000r\000g\000a\000n\000i\000z\000a\000t\000i\000o\000n}{section.1.3}% 10
\BOOKMARK [2][-]{subsection.1.3.3}{\376\377\000C\000l\000o\000n\000i\000n\000g\000\040\000c\000h\000o\000m\000b\000o\000-\000d\000i\000s\000c\000h\000a\000r\000g\000e}{section.1.3}% 11
\BOOKMARK [2][-]{subsection.1.3.4}{\376\377\000S\000e\000t\000t\000i\000n\000g\000\040\000u\000p\000\040\000t\000h\000e\000\040\000e\000n\000v\000i\000r\000o\000n\000m\000e\000n\000t}{section.1.3}% 12
\BOOKMARK [2][-]{subsection.1.3.5}{\376\377\000T\000e\000s\000t\000\040\000b\000u\000i\000l\000d}{section.1.3}% 13
\BOOKMARK [2][-]{subsection.1.3.6}{\376\377\000A\000d\000v\000a\000n\000c\000e\000d\000\040\000c\000o\000n\000f\000i\000g\000u\000r\000a\000t\000i\000o\000n}{section.1.3}% 14
\BOOKMARK [2][-]{subsection.1.3.7}{\376\377\000R\000u\000n\000n\000i\000n\000g\000\040\000a\000n\000\040\000e\000x\000a\000m\000p\000l\000e\000\040\000a\000p\000p\000l\000i\000c\000a\000t\000i\000o\000n}{section.1.3}% 15
\BOOKMARK [2][-]{subsection.1.3.8}{\376\377\000T\000r\000o\000u\000b\000l\000e\000s\000h\000o\000o\000t\000i\000n\000g}{section.1.3}% 16
\BOOKMARK [1][-]{section.1.4}{\376\377\000V\000i\000s\000u\000a\000l\000i\000z\000a\000t\000i\000o\000n}{chapter.1}% 17
\BOOKMARK [1][-]{section.1.5}{\376\377\000C\000o\000n\000t\000r\000o\000l\000l\000i\000n\000g\000\040\000c\000h\000o\000m\000b\000o\000-\000d\000i\000s\000c\000h\000a\000r\000g\000e}{chapter.1}% 18
\BOOKMARK [2][-]{subsection.1.5.1}{\376\377\000C\000o\000m\000p\000i\000l\000i\000n\000g\000\040\000a\000n\000d\000\040\000r\000u\000n\000n\000i\000n\000g}{section.1.5}% 19
\BOOKMARK [2][-]{subsection.1.5.2}{\376\377\000R\000u\000n\000n\000i\000n\000g\000\040\000a\000p\000p\000l\000i\000c\000a\000t\000i\000o\000n\000s}{section.1.5}% 20
\BOOKMARK [2][-]{subsection.1.5.3}{\376\377\000S\000i\000m\000u\000l\000a\000t\000i\000o\000n\000\040\000i\000n\000p\000u\000t\000s}{section.1.5}% 21
\BOOKMARK [2][-]{subsection.1.5.4}{\376\377\000S\000i\000m\000u\000l\000a\000t\000i\000o\000n\000\040\000o\000u\000t\000p\000u\000t\000s}{section.1.5}% 22
\BOOKMARK [2][-]{subsection.1.5.5}{\376\377\000C\000o\000n\000t\000r\000o\000l\000l\000i\000n\000g\000\040\000p\000a\000r\000a\000l\000l\000e\000l\000\040\000p\000r\000o\000c\000e\000s\000s\000o\000r\000\040\000v\000e\000r\000b\000o\000s\000i\000t\000y}{section.1.5}% 23
\BOOKMARK [2][-]{subsection.1.5.6}{\376\377\000R\000e\000s\000t\000a\000r\000t\000i\000n\000g\000\040\000s\000i\000m\000u\000l\000a\000t\000i\000o\000n\000s}{section.1.5}% 24
\BOOKMARK [2][-]{subsection.1.5.7}{\376\377\000R\000u\000n\000-\000t\000i\000m\000e\000\040\000c\000o\000n\000f\000i\000g\000u\000r\000a\000t\000i\000o\000n\000s}{section.1.5}% 25
\BOOKMARK [0][-]{chapter.2}{\376\377\000D\000i\000s\000c\000r\000e\000t\000i\000z\000a\000t\000i\000o\000n}{}% 26
\BOOKMARK [1][-]{section.2.1}{\376\377\000S\000p\000a\000t\000i\000a\000l\000\040\000d\000i\000s\000c\000r\000e\000t\000i\000z\000a\000t\000i\000o\000n}{chapter.2}% 27
\BOOKMARK [2][-]{subsection.2.1.1}{\376\377\000C\000a\000r\000t\000e\000s\000i\000a\000n\000\040\000A\000M\000R}{section.2.1}% 28
\BOOKMARK [2][-]{subsection.2.1.2}{\376\377\000E\000m\000b\000e\000d\000d\000e\000d\000\040\000b\000o\000u\000n\000d\000a\000r\000i\000e\000s}{section.2.1}% 29
\BOOKMARK [2][-]{subsection.2.1.3}{\376\377\000G\000e\000o\000m\000e\000t\000r\000y\000\040\000r\000e\000p\000r\000e\000s\000e\000n\000t\000a\000t\000i\000o\000n}{section.2.1}% 30
\BOOKMARK [2][-]{subsection.2.1.4}{\376\377\000G\000e\000o\000m\000e\000t\000r\000y\000\040\000g\000e\000n\000e\000r\000a\000t\000i\000o\000n}{section.2.1}% 31
\BOOKMARK [2][-]{subsection.2.1.5}{\376\377\000M\000e\000s\000h\000\040\000g\000e\000n\000e\000r\000a\000t\000i\000o\000n}{section.2.1}% 32
\BOOKMARK [2][-]{subsection.2.1.6}{\376\377\000C\000e\000l\000l\000\040\000r\000e\000f\000i\000n\000e\000m\000e\000n\000t\000\040\000p\000h\000i\000l\000o\000s\000o\000p\000h\000y}{section.2.1}% 33
\BOOKMARK [1][-]{section.2.2}{\376\377\000C\000h\000o\000m\000b\000o\000-\0003\000\040\000b\000a\000s\000i\000c\000s}{chapter.2}% 34
\BOOKMARK [2][-]{subsection.2.2.1}{\376\377\000R\000e\000a\000l}{section.2.2}% 35
\BOOKMARK [2][-]{subsection.2.2.2}{\376\377\000R\000e\000a\000l\000V\000e\000c\000t}{section.2.2}% 36
\BOOKMARK [2][-]{subsection.2.2.3}{\376\377\000I\000n\000t\000V\000e\000c\000t}{section.2.2}% 37
\BOOKMARK [2][-]{subsection.2.2.4}{\376\377\000B\000o\000x}{section.2.2}% 38
\BOOKMARK [2][-]{subsection.2.2.5}{\376\377\000E\000B\000C\000e\000l\000l\000F\000A\000B\000\040\000a\000n\000d\000\040\000F\000A\000r\000r\000a\000y\000B\000o\000x}{section.2.2}% 39
\BOOKMARK [2][-]{subsection.2.2.6}{\376\377\000V\000e\000c\000t\000o\000r}{section.2.2}% 40
\BOOKMARK [2][-]{subsection.2.2.7}{\376\377\000R\000e\000f\000C\000o\000u\000n\000t\000e\000d\000P\000t\000r}{section.2.2}% 41
\BOOKMARK [2][-]{subsection.2.2.8}{\376\377\000D\000i\000s\000j\000o\000i\000n\000t\000B\000o\000x\000L\000a\000y\000o\000u\000t}{section.2.2}% 42
\BOOKMARK [2][-]{subsection.2.2.9}{\376\377\000L\000e\000v\000e\000l\000D\000a\000t\000a}{section.2.2}% 43
\BOOKMARK [2][-]{subsection.2.2.10}{\376\377\000E\000B\000I\000S\000L\000a\000y\000o\000u\000t\000\040\000a\000n\000d\000\040\000E\000B\000I\000S\000B\000o\000x}{section.2.2}% 44
\BOOKMARK [2][-]{subsection.2.2.11}{\376\377\000B\000a\000s\000e\000I\000F}{section.2.2}% 45
\BOOKMARK [1][-]{section.2.3}{\376\377\000M\000e\000s\000h\000\040\000d\000a\000t\000a}{chapter.2}% 46
\BOOKMARK [2][-]{subsection.2.3.1}{\376\377\000A\000l\000l\000o\000c\000a\000t\000i\000n\000g\000\040\000m\000e\000s\000h\000\040\000d\000a\000t\000a}{section.2.3}% 47
\BOOKMARK [2][-]{subsection.2.3.2}{\376\377\000I\000t\000e\000r\000a\000t\000i\000n\000g\000\040\000o\000v\000e\000r\000\040\000p\000a\000t\000c\000h\000e\000s}{section.2.3}% 48
\BOOKMARK [2][-]{subsection.2.3.3}{\376\377\000I\000t\000e\000r\000a\000t\000i\000n\000g\000\040\000o\000v\000e\000r\000\040\000c\000e\000l\000l\000s}{section.2.3}% 49
\BOOKMARK [2][-]{subsection.2.3.4}{\376\377\000C\000o\000a\000r\000s\000e\000n\000i\000n\000g\000\040\000d\000a\000t\000a}{section.2.3}% 50
\BOOKMARK [2][-]{subsection.2.3.5}{\376\377\000F\000i\000l\000l\000i\000n\000g\000\040\000g\000h\000o\000s\000t\000\040\000c\000e\000l\000l\000s}{section.2.3}% 51
\BOOKMARK [2][-]{subsection.2.3.6}{\376\377\000C\000o\000m\000p\000u\000t\000i\000n\000g\000\040\000g\000r\000a\000d\000i\000e\000n\000t\000s}{section.2.3}% 52
\BOOKMARK [2][-]{subsection.2.3.7}{\376\377\000C\000o\000p\000y\000i\000n\000g\000\040\000d\000a\000t\000a}{section.2.3}% 53
\BOOKMARK [2][-]{subsection.2.3.8}{\376\377\000D\000a\000t\000a\000O\000p\000s}{section.2.3}% 54
\BOOKMARK [1][-]{section.2.4}{\376\377\000P\000a\000r\000t\000i\000c\000l\000e\000s}{chapter.2}% 55
\BOOKMARK [2][-]{subsection.2.4.1}{\376\377\000P\000a\000r\000t\000i\000c\000l\000e\000C\000o\000n\000t\000a\000i\000n\000e\000r}{section.2.4}% 56
\BOOKMARK [2][-]{subsection.2.4.2}{\376\377\000D\000a\000t\000a\000\040\000s\000t\000r\000u\000c\000t\000u\000r\000e\000s}{section.2.4}% 57
\BOOKMARK [2][-]{subsection.2.4.3}{\376\377\000B\000a\000s\000i\000c\000\040\000u\000s\000e}{section.2.4}% 58
\BOOKMARK [2][-]{subsection.2.4.4}{\376\377\000S\000o\000r\000t\000i\000n\000g\000\040\000p\000a\000r\000t\000i\000c\000l\000e\000s}{section.2.4}% 59
\BOOKMARK [2][-]{subsection.2.4.5}{\376\377\000A\000l\000l\000o\000c\000a\000t\000i\000n\000g\000\040\000p\000a\000r\000t\000i\000c\000l\000e\000s}{section.2.4}% 60
\BOOKMARK [2][-]{subsection.2.4.6}{\376\377\000M\000a\000p\000p\000i\000n\000g\000\040\000a\000n\000d\000\040\000r\000e\000m\000a\000p\000p\000i\000n\000g}{section.2.4}% 61
\BOOKMARK [2][-]{subsection.2.4.7}{\376\377\000R\000e\000g\000r\000i\000d\000d\000i\000n\000g}{section.2.4}% 62
\BOOKMARK [2][-]{subsection.2.4.8}{\376\377\000M\000a\000s\000k\000e\000d\000\040\000p\000a\000r\000t\000i\000c\000l\000e\000s}{section.2.4}% 63
\BOOKMARK [2][-]{subsection.2.4.9}{\376\377\000E\000m\000b\000e\000d\000d\000e\000d\000\040\000b\000o\000u\000n\000d\000a\000r\000i\000e\000s}{section.2.4}% 64
\BOOKMARK [2][-]{subsection.2.4.10}{\376\377\000P\000a\000r\000t\000i\000c\000l\000e\000\040\000d\000e\000p\000o\000s\000i\000t\000o\000n}{section.2.4}% 65
\BOOKMARK [2][-]{subsection.2.4.11}{\376\377\000P\000a\000r\000t\000i\000c\000l\000e\000\040\000i\000n\000t\000e\000r\000p\000o\000l\000a\000t\000i\000o\000n}{section.2.4}% 66
\BOOKMARK [1][-]{section.2.5}{\376\377\000R\000e\000a\000l\000m}{chapter.2}% 67
\BOOKMARK [2][-]{subsection.2.5.1}{\376\377\000D\000u\000a\000l\000\040\000g\000r\000i\000d}{section.2.5}% 68
\BOOKMARK [2][-]{subsection.2.5.2}{\376\377\000R\000e\000a\000l\000m\000\040\000r\000e\000g\000i\000s\000t\000r\000a\000t\000i\000o\000n}{section.2.5}% 69
\BOOKMARK [2][-]{subsection.2.5.3}{\376\377\000O\000p\000e\000r\000a\000t\000o\000r\000\040\000r\000e\000g\000i\000s\000t\000r\000a\000t\000i\000o\000n}{section.2.5}% 70
\BOOKMARK [2][-]{subsection.2.5.4}{\376\377\000I\000n\000t\000e\000r\000a\000c\000t\000i\000n\000g\000\040\000w\000i\000t\000h\000\040\000r\000e\000a\000l\000m\000s}{section.2.5}% 71
\BOOKMARK [1][-]{section.2.6}{\376\377\000L\000i\000n\000e\000a\000r\000\040\000s\000o\000l\000v\000e\000r\000s}{chapter.2}% 72
\BOOKMARK [2][-]{subsection.2.6.1}{\376\377\000H\000e\000l\000m\000h\000o\000l\000t\000z\000\040\000e\000q\000u\000a\000t\000i\000o\000n}{section.2.6}% 73
\BOOKMARK [2][-]{subsection.2.6.2}{\376\377\000M\000u\000l\000t\000i\000p\000h\000a\000s\000e\000\040\000H\000e\000l\000m\000h\000o\000l\000t\000z\000\040\000e\000q\000u\000a\000t\000i\000o\000n}{section.2.6}% 74
\BOOKMARK [2][-]{subsection.2.6.3}{\376\377\000A\000M\000R\000M\000u\000l\000t\000i\000G\000r\000i\000d}{section.2.6}% 75
\BOOKMARK [0][-]{chapter.3}{\376\377\000D\000e\000s\000i\000g\000n}{}% 76
\BOOKMARK [1][-]{section.3.1}{\376\377\000D\000r\000i\000v\000e\000r}{chapter.3}% 77
\BOOKMARK [2][-]{subsection.3.1.1}{\376\377\000S\000i\000m\000u\000l\000a\000t\000i\000o\000n\000\040\000s\000e\000t\000u\000p}{section.3.1}% 78
\BOOKMARK [2][-]{subsection.3.1.2}{\376\377\000S\000i\000m\000u\000l\000a\000t\000i\000o\000n\000\040\000a\000d\000v\000a\000n\000c\000e\000m\000e\000n\000t}{section.3.1}% 79
\BOOKMARK [2][-]{subsection.3.1.3}{\376\377\000R\000e\000g\000r\000i\000d\000d\000i\000n\000g}{section.3.1}% 80
\BOOKMARK [2][-]{subsection.3.1.4}{\376\377\000C\000l\000a\000s\000s\000\040\000o\000p\000t\000i\000o\000n\000s}{section.3.1}% 81
\BOOKMARK [2][-]{subsection.3.1.5}{\376\377\000R\000u\000n\000t\000i\000m\000e\000\040\000o\000p\000t\000i\000o\000n\000s}{section.3.1}% 82
\BOOKMARK [1][-]{section.3.2}{\376\377\000C\000o\000m\000p\000u\000t\000a\000t\000i\000o\000n\000a\000l\000G\000e\000o\000m\000e\000t\000r\000y}{chapter.3}% 83
\BOOKMARK [2][-]{subsection.3.2.1}{\376\377\000E\000l\000e\000c\000t\000r\000o\000d\000e}{section.3.2}% 84
\BOOKMARK [2][-]{subsection.3.2.2}{\376\377\000D\000i\000e\000l\000e\000c\000t\000r\000i\000c}{section.3.2}% 85
\BOOKMARK [2][-]{subsection.3.2.3}{\376\377\000R\000e\000t\000r\000i\000e\000v\000i\000n\000g\000\040\000d\000i\000s\000t\000a\000n\000c\000e\000\040\000f\000u\000n\000c\000t\000i\000o\000n\000s}{section.3.2}% 86
\BOOKMARK [1][-]{section.3.3}{\376\377\000T\000i\000m\000e\000S\000t\000e\000p\000p\000e\000r}{chapter.3}% 87
\BOOKMARK [1][-]{section.3.4}{\376\377\000A\000m\000r\000M\000e\000s\000h}{chapter.3}% 88
\BOOKMARK [2][-]{subsection.3.4.1}{\376\377\000M\000a\000i\000n\000\040\000f\000u\000n\000c\000t\000i\000o\000n\000a\000l\000i\000t\000y}{section.3.4}% 89
\BOOKMARK [2][-]{subsection.3.4.2}{\376\377\000C\000l\000a\000s\000s\000\040\000o\000p\000t\000i\000o\000n\000s}{section.3.4}% 90
\BOOKMARK [2][-]{subsection.3.4.3}{\376\377\000R\000u\000n\000t\000i\000m\000e\000\040\000o\000p\000t\000i\000o\000n\000s}{section.3.4}% 91
\BOOKMARK [1][-]{section.3.5}{\376\377\000C\000e\000l\000l\000T\000a\000g\000g\000e\000r}{chapter.3}% 92
\BOOKMARK [2][-]{subsection.3.5.1}{\376\377\000D\000e\000s\000i\000g\000n}{section.3.5}% 93
\BOOKMARK [2][-]{subsection.3.5.2}{\376\377\000U\000s\000e\000r\000\040\000i\000n\000t\000e\000r\000f\000a\000c\000e}{section.3.5}% 94
\BOOKMARK [2][-]{subsection.3.5.3}{\376\377\000R\000e\000s\000t\000r\000i\000c\000t\000\040\000t\000a\000g\000g\000i\000n\000g}{section.3.5}% 95
\BOOKMARK [2][-]{subsection.3.5.4}{\376\377\000A\000d\000d\000i\000n\000g\000\040\000a\000\040\000b\000u\000f\000f\000e\000r}{section.3.5}% 96
\BOOKMARK [1][-]{section.3.6}{\376\377\000G\000e\000o\000C\000o\000a\000r\000s\000e\000n\000e\000r}{chapter.3}% 97
\BOOKMARK [0][-]{chapter.4}{\376\377\000S\000o\000l\000v\000e\000r\000s}{}% 98
\BOOKMARK [1][-]{section.4.1}{\376\377\000C\000o\000n\000v\000e\000c\000t\000i\000o\000n\000-\000D\000i\000f\000f\000u\000s\000i\000o\000n\000-\000R\000e\000a\000c\000t\000i\000o\000n}{chapter.4}% 99
\BOOKMARK [2][-]{subsection.4.1.1}{\376\377\000C\000d\000r\000S\000o\000l\000v\000e\000r}{section.4.1}% 100
\BOOKMARK [2][-]{subsection.4.1.2}{\376\377\000D\000i\000s\000c\000r\000e\000t\000i\000z\000a\000t\000i\000o\000n\000\040\000d\000e\000t\000a\000i\000l\000s}{section.4.1}% 101
\BOOKMARK [2][-]{subsection.4.1.3}{\376\377\000C\000d\000r\000M\000u\000l\000t\000i\000g\000r\000i\000d}{section.4.1}% 102
\BOOKMARK [2][-]{subsection.4.1.4}{\376\377\000C\000d\000r\000C\000T\000U}{section.4.1}% 103
\BOOKMARK [2][-]{subsection.4.1.5}{\376\377\000C\000d\000r\000G\000o\000d\000u\000n\000o\000v}{section.4.1}% 104
\BOOKMARK [2][-]{subsection.4.1.6}{\376\377\000U\000s\000i\000n\000g\000\040\000C\000d\000r\000S\000o\000l\000v\000e\000r}{section.4.1}% 105
\BOOKMARK [2][-]{subsection.4.1.7}{\376\377\000C\000d\000r\000S\000p\000e\000c\000i\000e\000s}{section.4.1}% 106
\BOOKMARK [2][-]{subsection.4.1.8}{\376\377\000E\000x\000a\000m\000p\000l\000e\000\040\000a\000p\000p\000l\000i\000c\000a\000t\000i\000o\000n}{section.4.1}% 107
\BOOKMARK [1][-]{section.4.2}{\376\377\000E\000l\000e\000c\000t\000r\000o\000s\000t\000a\000t\000i\000c\000s}{chapter.4}% 108
\BOOKMARK [2][-]{subsection.4.2.1}{\376\377\000F\000i\000e\000l\000d\000S\000o\000l\000v\000e\000r}{section.4.2}% 109
\BOOKMARK [2][-]{subsection.4.2.2}{\376\377\000U\000s\000i\000n\000g\000\040\000F\000i\000e\000l\000d\000S\000o\000l\000v\000e\000r}{section.4.2}% 110
\BOOKMARK [2][-]{subsection.4.2.3}{\376\377\000D\000o\000m\000a\000i\000n\000\040\000b\000o\000u\000n\000d\000a\000r\000y\000\040\000c\000o\000n\000d\000i\000t\000i\000o\000n\000s}{section.4.2}% 111
\BOOKMARK [2][-]{subsection.4.2.4}{\376\377\000E\000B\000\040\000b\000o\000u\000n\000d\000a\000r\000y\000\040\000c\000o\000n\000d\000i\000t\000i\000o\000n\000s}{section.4.2}% 112
\BOOKMARK [2][-]{subsection.4.2.5}{\376\377\000F\000i\000e\000l\000d\000S\000o\000l\000v\000e\000r\000M\000u\000l\000t\000i\000g\000r\000i\000d}{section.4.2}% 113
\BOOKMARK [2][-]{subsection.4.2.6}{\376\377\000F\000r\000e\000q\000u\000e\000n\000c\000y\000\040\000d\000e\000p\000e\000n\000d\000e\000n\000t\000\040\000p\000e\000r\000m\000i\000t\000t\000i\000v\000i\000t\000y}{section.4.2}% 114
\BOOKMARK [2][-]{subsection.4.2.7}{\376\377\000L\000i\000m\000i\000t\000a\000t\000i\000o\000n\000s}{section.4.2}% 115
\BOOKMARK [2][-]{subsection.4.2.8}{\376\377\000E\000x\000a\000m\000p\000l\000e\000\040\000a\000p\000p\000l\000i\000c\000a\000t\000i\000o\000n}{section.4.2}% 116
\BOOKMARK [1][-]{section.4.3}{\376\377\000M\000e\000s\000h\000\040\000O\000D\000E\000\040\000s\000o\000l\000v\000e\000r}{chapter.4}% 117
\BOOKMARK [1][-]{section.4.4}{\376\377\000R\000a\000d\000i\000a\000t\000i\000v\000e\000\040\000t\000r\000a\000n\000s\000f\000e\000r}{chapter.4}% 118
\BOOKMARK [2][-]{subsection.4.4.1}{\376\377\000R\000t\000S\000p\000e\000c\000i\000e\000s}{section.4.4}% 119
\BOOKMARK [2][-]{subsection.4.4.2}{\376\377\000R\000t\000S\000o\000l\000v\000e\000r}{section.4.4}% 120
\BOOKMARK [2][-]{subsection.4.4.3}{\376\377\000D\000i\000f\000f\000u\000s\000i\000o\000n\000\040\000a\000p\000p\000r\000o\000x\000i\000m\000a\000t\000i\000o\000n}{section.4.4}% 121
\BOOKMARK [2][-]{subsection.4.4.4}{\376\377\000M\000o\000n\000t\000e\000\040\000C\000a\000r\000l\000o\000\040\000m\000e\000t\000h\000o\000d\000s}{section.4.4}% 122
\BOOKMARK [2][-]{subsection.4.4.5}{\376\377\000L\000i\000m\000i\000t\000a\000t\000i\000o\000n\000s}{section.4.4}% 123
\BOOKMARK [2][-]{subsection.4.4.6}{\376\377\000E\000x\000a\000m\000p\000l\000e\000\040\000a\000p\000p\000l\000i\000c\000a\000t\000i\000o\000n}{section.4.4}% 124
\BOOKMARK [1][-]{section.4.5}{\376\377\000S\000u\000r\000f\000a\000c\000e\000\040\000c\000h\000a\000r\000g\000e\000\040\000s\000o\000l\000v\000e\000r}{chapter.4}% 125
\BOOKMARK [1][-]{section.4.6}{\376\377\000T\000r\000a\000c\000e\000r\000\040\000p\000a\000r\000t\000i\000c\000l\000e\000s}{chapter.4}% 126
\BOOKMARK [1][-]{section.4.7}{\376\377\000\316\000t\000o\000\040\000d\000i\000f\000f\000u\000s\000i\000o\000n}{chapter.4}% 127
\BOOKMARK [2][-]{subsection.4.7.1}{\376\377\000T\000h\000e\000\040\000\316\000t\000o\000\040\000p\000a\000r\000t\000i\000c\000l\000e}{section.4.7}% 128
\BOOKMARK [2][-]{subsection.4.7.2}{\376\377\000i\000t\000o\000\137\000s\000p\000e\000c\000i\000e\000s}{section.4.7}% 129
\BOOKMARK [2][-]{subsection.4.7.3}{\376\377\000C\000o\000m\000p\000u\000t\000i\000n\000g\000\040\000t\000i\000m\000e\000\040\000s\000t\000e\000p\000s}{section.4.7}% 130
\BOOKMARK [2][-]{subsection.4.7.4}{\376\377\000R\000e\000m\000a\000p\000p\000i\000n\000g\000\040\000p\000a\000r\000t\000i\000c\000l\000e\000s}{section.4.7}% 131
\BOOKMARK [2][-]{subsection.4.7.5}{\376\377\000L\000i\000m\000i\000t\000a\000t\000i\000o\000n\000s}{section.4.7}% 132
\BOOKMARK [2][-]{subsection.4.7.6}{\376\377\000E\000x\000a\000m\000p\000l\000e\000\040\000a\000p\000p\000l\000i\000c\000a\000t\000i\000o\000n}{section.4.7}% 133
\BOOKMARK [0][-]{chapter.5}{\376\377\000P\000h\000y\000s\000i\000c\000s\000\040\000m\000o\000d\000e\000l\000s}{}% 134
\BOOKMARK [1][-]{section.5.1}{\376\377\000I\000m\000p\000l\000e\000m\000e\000n\000t\000e\000d\000\040\000m\000o\000d\000e\000l\000s}{chapter.5}% 135
\BOOKMARK [1][-]{section.5.2}{\376\377\000A\000d\000v\000e\000c\000t\000i\000o\000n\000\040\000d\000i\000f\000f\000u\000s\000i\000o\000n}{chapter.5}% 136
\BOOKMARK [1][-]{section.5.3}{\376\377\000B\000r\000o\000w\000n\000i\000a\000n\000\040\000w\000a\000l\000k\000e\000r}{chapter.5}% 137
\BOOKMARK [1][-]{section.5.4}{\376\377\000C\000D\000R\000\040\000p\000l\000a\000s\000m\000a}{chapter.5}% 138
\BOOKMARK [2][-]{subsection.5.4.1}{\376\377\000E\000q\000u\000a\000t\000i\000o\000n\000s\000\040\000o\000f\000\040\000m\000o\000t\000i\000o\000n}{section.5.4}% 139
\BOOKMARK [2][-]{subsection.5.4.2}{\376\377\000C\000d\000r\000P\000l\000a\000s\000m\000a\000P\000h\000y\000s\000i\000c\000s}{section.5.4}% 140
\BOOKMARK [2][-]{subsection.5.4.3}{\376\377\000T\000i\000m\000e\000\040\000d\000i\000s\000c\000r\000e\000t\000i\000z\000a\000t\000i\000o\000n\000s}{section.5.4}% 141
\BOOKMARK [2][-]{subsection.5.4.4}{\376\377\000J\000S\000O\000N\000\040\000i\000n\000t\000e\000r\000f\000a\000c\000e}{section.5.4}% 142
\BOOKMARK [2][-]{subsection.5.4.5}{\376\377\000S\000i\000m\000u\000l\000a\000t\000i\000o\000n\000\040\000q\000u\000i\000c\000k\000\040\000s\000t\000a\000r\000t}{section.5.4}% 143
\BOOKMARK [1][-]{section.5.5}{\376\377\000E\000l\000e\000c\000t\000r\000o\000s\000t\000a\000t\000i\000c\000s}{chapter.5}% 144
\BOOKMARK [1][-]{section.5.6}{\376\377\000G\000e\000o\000m\000e\000t\000r\000y}{chapter.5}% 145
\BOOKMARK [1][-]{section.5.7}{\376\377\000R\000a\000d\000i\000a\000t\000i\000v\000e\000\040\000t\000r\000a\000n\000s\000f\000e\000r}{chapter.5}% 146
\BOOKMARK [0][-]{chapter.6}{\376\377\000T\000u\000t\000o\000r\000i\000a\000l}{}% 147
\BOOKMARK [1][-]{section.6.1}{\376\377\000I\000n\000t\000r\000o\000d\000u\000c\000t\000i\000o\000n}{chapter.6}% 148
\BOOKMARK [1][-]{section.6.2}{\376\377\000C\000r\000e\000a\000t\000i\000n\000g\000\040\000a\000\040\000g\000e\000o\000m\000e\000t\000r\000y}{chapter.6}% 149
\BOOKMARK [1][-]{section.6.3}{\376\377\000S\000e\000t\000t\000i\000n\000g\000\040\000u\000p\000\040\000a\000\040\000T\000i\000m\000e\000S\000t\000e\000p\000p\000e\000r}{chapter.6}% 150
\BOOKMARK [0][-]{chapter.7}{\376\377\000U\000t\000i\000l\000i\000t\000i\000e\000s}{}% 151
\BOOKMARK [1][-]{section.7.1}{\376\377\000L\000o\000o\000k\000u\000p\000\040\000t\000a\000b\000l\000e\000s}{chapter.7}% 152
\BOOKMARK [2][-]{subsection.7.1.1}{\376\377\000I\000n\000s\000e\000r\000t\000i\000n\000g\000\040\000d\000a\000t\000a}{section.7.1}% 153
\BOOKMARK [2][-]{subsection.7.1.2}{\376\377\000R\000e\000s\000t\000r\000i\000c\000t\000i\000n\000g\000\040\000r\000a\000n\000g\000e\000s}{section.7.1}% 154
\BOOKMARK [2][-]{subsection.7.1.3}{\376\377\000I\000n\000d\000e\000p\000e\000n\000d\000e\000n\000t\000\040\000v\000a\000r\000i\000a\000b\000l\000e}{section.7.1}% 155
\BOOKMARK [2][-]{subsection.7.1.4}{\376\377\000S\000w\000a\000p\000p\000i\000n\000g\000\040\000c\000o\000l\000u\000m\000n\000s}{section.7.1}% 156
\BOOKMARK [2][-]{subsection.7.1.5}{\376\377\000R\000e\000g\000u\000l\000a\000r\000i\000z\000e\000\040\000t\000a\000b\000l\000e}{section.7.1}% 157
\BOOKMARK [2][-]{subsection.7.1.6}{\376\377\000R\000e\000t\000r\000i\000e\000v\000i\000n\000g\000\040\000d\000a\000t\000a}{section.7.1}% 158
\BOOKMARK [2][-]{subsection.7.1.7}{\376\377\000V\000i\000e\000w\000i\000n\000g\000\040\000t\000a\000b\000l\000e\000s}{section.7.1}% 159
\BOOKMARK [1][-]{section.7.2}{\376\377\000R\000a\000n\000d\000o\000m\000\040\000n\000u\000m\000b\000e\000r\000s}{chapter.7}% 160
\BOOKMARK [2][-]{subsection.7.2.1}{\376\377\000D\000r\000a\000w\000i\000n\000g\000\040\000r\000a\000n\000d\000o\000m\000\040\000n\000u\000m\000b\000e\000r\000s}{section.7.2}% 161
\BOOKMARK [2][-]{subsection.7.2.2}{\376\377\000S\000e\000t\000t\000i\000n\000g\000\040\000t\000h\000e\000\040\000s\000e\000e\000d}{section.7.2}% 162
\BOOKMARK [1][-]{section.7.3}{\376\377\000L\000e\000a\000s\000t\000\040\000s\000q\000u\000a\000r\000e\000s}{chapter.7}% 163
\BOOKMARK [2][-]{subsection.7.3.1}{\376\377\000P\000o\000l\000y\000n\000o\000m\000i\000a\000l\000\040\000e\000x\000p\000a\000n\000s\000i\000o\000n}{section.7.3}% 164
\BOOKMARK [2][-]{subsection.7.3.2}{\376\377\000N\000e\000i\000g\000h\000b\000o\000r\000h\000o\000o\000d\000\040\000a\000l\000g\000o\000r\000i\000t\000h\000m}{section.7.3}% 165
\BOOKMARK [2][-]{subsection.7.3.3}{\376\377\000W\000e\000i\000g\000h\000t\000e\000d\000\040\000e\000q\000u\000a\000t\000i\000o\000n\000s}{section.7.3}% 166
\BOOKMARK [2][-]{subsection.7.3.4}{\376\377\000P\000s\000e\000u\000d\000o\000-\000i\000n\000v\000e\000r\000s\000e}{section.7.3}% 167
\BOOKMARK [2][-]{subsection.7.3.5}{\376\377\000P\000r\000u\000n\000i\000n\000g\000\040\000e\000q\000u\000a\000t\000i\000o\000n\000s}{section.7.3}% 168
\BOOKMARK [2][-]{subsection.7.3.6}{\376\377\000S\000o\000u\000r\000c\000e\000\040\000c\000o\000d\000e}{section.7.3}% 169
\BOOKMARK [0][-]{chapter.8}{\376\377\000C\000o\000n\000t\000r\000i\000b\000u\000t\000i\000n\000g}{}% 170
\BOOKMARK [1][-]{section.8.1}{\376\377\000C\000o\000n\000t\000r\000i\000b\000u\000t\000i\000o\000n\000s}{chapter.8}% 171
\BOOKMARK [1][-]{section.8.2}{\376\377\000C\000o\000n\000v\000e\000r\000g\000e\000n\000c\000e\000\040\000t\000e\000s\000t\000i\000n\000g}{chapter.8}% 172
\BOOKMARK [1][-]{section.8.3}{\376\377\000C\000o\000n\000t\000i\000n\000u\000o\000u\000s\000\040\000i\000n\000t\000e\000g\000r\000a\000t\000i\000o\000n}{chapter.8}% 173
\BOOKMARK [2][-]{subsection.8.3.1}{\376\377\000G\000i\000t\000H\000u\000b\000\040\000a\000c\000t\000i\000o\000n\000s}{section.8.3}% 174
\BOOKMARK [2][-]{subsection.8.3.2}{\376\377\000R\000u\000n\000n\000i\000n\000g\000\040\000t\000e\000s\000t\000s\000\040\000l\000o\000c\000a\000l\000l\000y}{section.8.3}% 175
\BOOKMARK [1][-]{section.8.4}{\376\377\000C\000o\000d\000e\000\040\000s\000t\000a\000n\000d\000a\000r\000d}{chapter.8}% 176
\BOOKMARK [2][-]{subsection.8.4.1}{\376\377\000C\000+\000+\000\040\000s\000t\000a\000n\000d\000a\000r\000d}{section.8.4}% 177
\BOOKMARK [2][-]{subsection.8.4.2}{\376\377\000N\000a\000m\000e\000s\000p\000a\000c\000e}{section.8.4}% 178
\BOOKMARK [2][-]{subsection.8.4.3}{\376\377\000F\000i\000l\000e\000\040\000n\000a\000m\000e\000s}{section.8.4}% 179
\BOOKMARK [2][-]{subsection.8.4.4}{\376\377\000F\000i\000l\000e\000\040\000h\000e\000a\000d\000e\000r\000s}{section.8.4}% 180
\BOOKMARK [2][-]{subsection.8.4.5}{\376\377\000C\000o\000d\000e\000\040\000s\000y\000n\000t\000a\000x}{section.8.4}% 181
\BOOKMARK [2][-]{subsection.8.4.6}{\376\377\000O\000p\000t\000i\000o\000n\000s\000\040\000f\000i\000l\000e\000s}{section.8.4}% 182
\BOOKMARK [1][-]{section.8.5}{\376\377\000R\000e\000f\000e\000r\000e\000n\000c\000e\000s}{chapter.8}% 183
\BOOKMARK [0][-]{chapter*.152}{\376\377\000B\000i\000b\000l\000i\000o\000g\000r\000a\000p\000h\000y}{}% 184
