\BOOKMARK [0][-]{chapter.1}{\376\377\000I\000n\000t\000r\000o\000d\000u\000c\000t\000i\000o\000n}{}% 1
\BOOKMARK [1][-]{section.1.1}{\376\377\000U\000s\000i\000n\000g\000\040\000t\000h\000i\000s\000\040\000d\000o\000c\000u\000m\000e\000n\000t\000a\000t\000i\000o\000n}{chapter.1}% 2
\BOOKMARK [2][-]{subsection.1.1.1}{\376\377\000P\000D\000F\000\040\000d\000o\000c\000u\000m\000e\000n\000t\000a\000t\000i\000o\000n}{section.1.1}% 3
\BOOKMARK [2][-]{subsection.1.1.2}{\376\377\000D\000o\000x\000y\000g\000e\000n\000\040\000d\000o\000c\000u\000m\000e\000n\000t\000a\000t\000i\000o\000n}{section.1.1}% 4
\BOOKMARK [1][-]{section.1.2}{\376\377\000c\000h\000o\000m\000b\000o\000-\000d\000i\000s\000c\000h\000a\000r\000g\000e\000\040\000o\000v\000e\000r\000v\000i\000e\000w}{chapter.1}% 5
\BOOKMARK [2][-]{subsection.1.2.1}{\376\377\000H\000i\000s\000t\000o\000r\000y}{section.1.2}% 6
\BOOKMARK [2][-]{subsection.1.2.2}{\376\377\000K\000e\000y\000\040\000f\000u\000n\000c\000t\000i\000o\000n\000a\000l\000i\000t\000i\000e\000s}{section.1.2}% 7
\BOOKMARK [2][-]{subsection.1.2.3}{\376\377\000D\000e\000s\000i\000g\000n\000\040\000a\000p\000p\000r\000o\000a\000c\000h}{section.1.2}% 8
\BOOKMARK [1][-]{section.1.3}{\376\377\000I\000n\000s\000t\000a\000l\000l\000a\000t\000i\000o\000n}{chapter.1}% 9
\BOOKMARK [2][-]{subsection.1.3.1}{\376\377\000O\000b\000t\000a\000i\000n\000i\000n\000g\000\040\000c\000h\000o\000m\000b\000o\000-\000d\000i\000s\000c\000h\000a\000r\000g\000e}{section.1.3}% 10
\BOOKMARK [2][-]{subsection.1.3.2}{\376\377\000C\000l\000o\000n\000i\000n\000g\000\040\000c\000h\000o\000m\000b\000o\000-\000d\000i\000s\000c\000h\000a\000r\000g\000e}{section.1.3}% 11
\BOOKMARK [2][-]{subsection.1.3.3}{\376\377\000T\000e\000s\000t\000\040\000b\000u\000i\000l\000d}{section.1.3}% 12
\BOOKMARK [2][-]{subsection.1.3.4}{\376\377\000A\000d\000v\000a\000n\000c\000e\000d\000\040\000c\000o\000n\000f\000i\000g\000u\000r\000a\000t\000i\000o\000n}{section.1.3}% 13
\BOOKMARK [2][-]{subsection.1.3.5}{\376\377\000R\000u\000n\000n\000i\000n\000g\000\040\000a\000n\000\040\000e\000x\000a\000m\000p\000l\000e\000\040\000a\000p\000p\000l\000i\000c\000a\000t\000i\000o\000n}{section.1.3}% 14
\BOOKMARK [2][-]{subsection.1.3.6}{\376\377\000T\000r\000o\000u\000b\000l\000e\000s\000h\000o\000o\000t\000i\000n\000g}{section.1.3}% 15
\BOOKMARK [1][-]{section.1.4}{\376\377\000V\000i\000s\000u\000a\000l\000i\000z\000a\000t\000i\000o\000n}{chapter.1}% 16
\BOOKMARK [1][-]{section.1.5}{\376\377\000C\000o\000n\000t\000r\000o\000l\000l\000i\000n\000g\000\040\000c\000h\000o\000m\000b\000o\000-\000d\000i\000s\000c\000h\000a\000r\000g\000e}{chapter.1}% 17
\BOOKMARK [2][-]{subsection.1.5.1}{\376\377\000S\000e\000t\000t\000i\000n\000g\000\040\000u\000p\000\040\000a\000p\000p\000l\000i\000c\000a\000t\000i\000o\000n\000s}{section.1.5}% 18
\BOOKMARK [2][-]{subsection.1.5.2}{\376\377\000C\000o\000m\000p\000i\000l\000i\000n\000g\000\040\000a\000n\000d\000\040\000r\000u\000n\000n\000i\000n\000g}{section.1.5}% 19
\BOOKMARK [2][-]{subsection.1.5.3}{\376\377\000S\000i\000m\000u\000l\000a\000t\000i\000o\000n\000\040\000i\000n\000p\000u\000t\000s}{section.1.5}% 20
\BOOKMARK [2][-]{subsection.1.5.4}{\376\377\000S\000i\000m\000u\000l\000a\000t\000i\000o\000n\000\040\000o\000u\000t\000p\000u\000t\000s}{section.1.5}% 21
\BOOKMARK [2][-]{subsection.1.5.5}{\376\377\000C\000o\000n\000t\000r\000o\000l\000l\000i\000n\000g\000\040\000p\000a\000r\000a\000l\000l\000e\000l\000\040\000p\000r\000o\000c\000e\000s\000s\000o\000r\000\040\000v\000e\000r\000b\000o\000s\000i\000t\000y}{section.1.5}% 22
\BOOKMARK [2][-]{subsection.1.5.6}{\376\377\000R\000e\000s\000t\000a\000r\000t\000i\000n\000g\000\040\000s\000i\000m\000u\000l\000a\000t\000i\000o\000n\000s}{section.1.5}% 23
\BOOKMARK [2][-]{subsection.1.5.7}{\376\377\000R\000u\000n\000-\000t\000i\000m\000e\000\040\000c\000o\000n\000f\000i\000g\000u\000r\000a\000t\000i\000o\000n\000s}{section.1.5}% 24
\BOOKMARK [0][-]{chapter.2}{\376\377\000D\000i\000s\000c\000r\000e\000t\000i\000z\000a\000t\000i\000o\000n}{}% 25
\BOOKMARK [1][-]{section.2.1}{\376\377\000S\000p\000a\000t\000i\000a\000l\000\040\000d\000i\000s\000c\000r\000e\000t\000i\000z\000a\000t\000i\000o\000n}{chapter.2}% 26
\BOOKMARK [2][-]{subsection.2.1.1}{\376\377\000C\000a\000r\000t\000e\000s\000i\000a\000n\000\040\000A\000M\000R}{section.2.1}% 27
\BOOKMARK [2][-]{subsection.2.1.2}{\376\377\000E\000m\000b\000e\000d\000d\000e\000d\000\040\000b\000o\000u\000n\000d\000a\000r\000i\000e\000s}{section.2.1}% 28
\BOOKMARK [2][-]{subsection.2.1.3}{\376\377\000G\000e\000o\000m\000e\000t\000r\000y\000\040\000r\000e\000p\000r\000e\000s\000e\000n\000t\000a\000t\000i\000o\000n}{section.2.1}% 29
\BOOKMARK [2][-]{subsection.2.1.4}{\376\377\000G\000e\000o\000m\000e\000t\000r\000y\000\040\000g\000e\000n\000e\000r\000a\000t\000i\000o\000n}{section.2.1}% 30
\BOOKMARK [2][-]{subsection.2.1.5}{\376\377\000M\000e\000s\000h\000\040\000g\000e\000n\000e\000r\000a\000t\000i\000o\000n}{section.2.1}% 31
\BOOKMARK [2][-]{subsection.2.1.6}{\376\377\000C\000e\000l\000l\000\040\000r\000e\000f\000i\000n\000e\000m\000e\000n\000t\000\040\000p\000h\000i\000l\000o\000s\000o\000p\000h\000y}{section.2.1}% 32
\BOOKMARK [1][-]{section.2.2}{\376\377\000C\000h\000o\000m\000b\000o\000-\0003\000\040\000b\000a\000s\000i\000c\000s}{chapter.2}% 33
\BOOKMARK [2][-]{subsection.2.2.1}{\376\377\000R\000e\000a\000l}{section.2.2}% 34
\BOOKMARK [2][-]{subsection.2.2.2}{\376\377\000R\000e\000a\000l\000V\000e\000c\000t}{section.2.2}% 35
\BOOKMARK [2][-]{subsection.2.2.3}{\376\377\000I\000n\000t\000V\000e\000c\000t}{section.2.2}% 36
\BOOKMARK [2][-]{subsection.2.2.4}{\376\377\000B\000o\000x}{section.2.2}% 37
\BOOKMARK [2][-]{subsection.2.2.5}{\376\377\000E\000B\000C\000e\000l\000l\000F\000A\000B\000\040\000a\000n\000d\000\040\000F\000A\000r\000r\000a\000y\000B\000o\000x}{section.2.2}% 38
\BOOKMARK [2][-]{subsection.2.2.6}{\376\377\000V\000e\000c\000t\000o\000r}{section.2.2}% 39
\BOOKMARK [2][-]{subsection.2.2.7}{\376\377\000R\000e\000f\000C\000o\000u\000n\000t\000e\000d\000P\000t\000r}{section.2.2}% 40
\BOOKMARK [2][-]{subsection.2.2.8}{\376\377\000D\000i\000s\000j\000o\000i\000n\000t\000B\000o\000x\000L\000a\000y\000o\000u\000t}{section.2.2}% 41
\BOOKMARK [2][-]{subsection.2.2.9}{\376\377\000L\000e\000v\000e\000l\000D\000a\000t\000a}{section.2.2}% 42
\BOOKMARK [2][-]{subsection.2.2.10}{\376\377\000E\000B\000I\000S\000L\000a\000y\000o\000u\000t\000\040\000a\000n\000d\000\040\000E\000B\000I\000S\000B\000o\000x}{section.2.2}% 43
\BOOKMARK [2][-]{subsection.2.2.11}{\376\377\000B\000a\000s\000e\000I\000F}{section.2.2}% 44
\BOOKMARK [1][-]{section.2.3}{\376\377\000M\000e\000s\000h\000\040\000d\000a\000t\000a}{chapter.2}% 45
\BOOKMARK [2][-]{subsection.2.3.1}{\376\377\000A\000l\000l\000o\000c\000a\000t\000i\000n\000g\000\040\000m\000e\000s\000h\000\040\000d\000a\000t\000a}{section.2.3}% 46
\BOOKMARK [2][-]{subsection.2.3.2}{\376\377\000I\000t\000e\000r\000a\000t\000i\000n\000g\000\040\000o\000v\000e\000r\000\040\000d\000a\000t\000a}{section.2.3}% 47
\BOOKMARK [2][-]{subsection.2.3.3}{\376\377\000C\000o\000m\000p\000u\000t\000i\000n\000g\000\040\000g\000r\000a\000d\000i\000e\000n\000t\000s}{section.2.3}% 48
\BOOKMARK [2][-]{subsection.2.3.4}{\376\377\000C\000o\000m\000m\000o\000n\000\040\000d\000a\000t\000a\000\040\000o\000p\000e\000r\000a\000t\000i\000o\000n\000s}{section.2.3}% 49
\BOOKMARK [1][-]{section.2.4}{\376\377\000P\000a\000r\000t\000i\000c\000l\000e\000s}{chapter.2}% 50
\BOOKMARK [2][-]{subsection.2.4.1}{\376\377\000P\000a\000r\000t\000i\000c\000l\000e\000C\000o\000n\000t\000a\000i\000n\000e\000r}{section.2.4}% 51
\BOOKMARK [2][-]{subsection.2.4.2}{\376\377\000D\000a\000t\000a\000\040\000s\000t\000r\000u\000c\000t\000u\000r\000e\000s}{section.2.4}% 52
\BOOKMARK [2][-]{subsection.2.4.3}{\376\377\000B\000a\000s\000i\000c\000\040\000u\000s\000e}{section.2.4}% 53
\BOOKMARK [2][-]{subsection.2.4.4}{\376\377\000S\000o\000r\000t\000i\000n\000g\000\040\000p\000a\000r\000t\000i\000c\000l\000e\000s}{section.2.4}% 54
\BOOKMARK [2][-]{subsection.2.4.5}{\376\377\000A\000l\000l\000o\000c\000a\000t\000i\000n\000g\000\040\000p\000a\000r\000t\000i\000c\000l\000e\000s}{section.2.4}% 55
\BOOKMARK [2][-]{subsection.2.4.6}{\376\377\000M\000a\000p\000p\000i\000n\000g\000\040\000a\000n\000d\000\040\000r\000e\000m\000a\000p\000p\000i\000n\000g}{section.2.4}% 56
\BOOKMARK [2][-]{subsection.2.4.7}{\376\377\000R\000e\000g\000r\000i\000d\000d\000i\000n\000g}{section.2.4}% 57
\BOOKMARK [2][-]{subsection.2.4.8}{\376\377\000M\000a\000s\000k\000e\000d\000\040\000p\000a\000r\000t\000i\000c\000l\000e\000s}{section.2.4}% 58
\BOOKMARK [2][-]{subsection.2.4.9}{\376\377\000E\000m\000b\000e\000d\000d\000e\000d\000\040\000b\000o\000u\000n\000d\000a\000r\000i\000e\000s}{section.2.4}% 59
\BOOKMARK [2][-]{subsection.2.4.10}{\376\377\000D\000e\000p\000o\000s\000i\000t\000i\000o\000n\000\040\000a\000n\000d\000\040\000i\000n\000t\000e\000r\000p\000o\000l\000a\000t\000i\000o\000n}{section.2.4}% 60
\BOOKMARK [1][-]{section.2.5}{\376\377\000R\000e\000a\000l\000m}{chapter.2}% 61
\BOOKMARK [2][-]{subsection.2.5.1}{\376\377\000D\000u\000a\000l\000\040\000g\000r\000i\000d}{section.2.5}% 62
\BOOKMARK [2][-]{subsection.2.5.2}{\376\377\000R\000e\000a\000l\000m\000\040\000r\000e\000g\000i\000s\000t\000r\000a\000t\000i\000o\000n}{section.2.5}% 63
\BOOKMARK [2][-]{subsection.2.5.3}{\376\377\000O\000p\000e\000r\000a\000t\000o\000r\000\040\000r\000e\000g\000i\000s\000t\000r\000a\000t\000i\000o\000n}{section.2.5}% 64
\BOOKMARK [2][-]{subsection.2.5.4}{\376\377\000A\000v\000a\000i\000l\000a\000b\000l\000e\000\040\000o\000p\000e\000r\000a\000t\000o\000r\000s}{section.2.5}% 65
\BOOKMARK [2][-]{subsection.2.5.5}{\376\377\000I\000n\000t\000e\000r\000a\000c\000t\000i\000n\000g\000\040\000w\000i\000t\000h\000\040\000r\000e\000a\000l\000m\000s}{section.2.5}% 66
\BOOKMARK [1][-]{section.2.6}{\376\377\000L\000i\000n\000e\000a\000r\000\040\000s\000o\000l\000v\000e\000r\000s}{chapter.2}% 67
\BOOKMARK [2][-]{subsection.2.6.1}{\376\377\000H\000e\000l\000m\000h\000o\000l\000t\000z\000\040\000e\000q\000u\000a\000t\000i\000o\000n}{section.2.6}% 68
\BOOKMARK [2][-]{subsection.2.6.2}{\376\377\000M\000u\000l\000t\000i\000p\000h\000a\000s\000e\000\040\000H\000e\000l\000m\000h\000o\000l\000t\000z\000\040\000e\000q\000u\000a\000t\000i\000o\000n}{section.2.6}% 69
\BOOKMARK [2][-]{subsection.2.6.3}{\376\377\000A\000M\000R\000M\000u\000l\000t\000i\000G\000r\000i\000d}{section.2.6}% 70
\BOOKMARK [0][-]{chapter.3}{\376\377\000P\000h\000y\000s\000i\000c\000s\000\040\000m\000o\000d\000e\000l\000s}{}% 71
\BOOKMARK [1][-]{section.3.1}{\376\377\000I\000m\000p\000l\000e\000m\000e\000n\000t\000e\000d\000\040\000m\000o\000d\000e\000l\000s}{chapter.3}% 72
\BOOKMARK [1][-]{section.3.2}{\376\377\000A\000d\000v\000e\000c\000t\000i\000o\000n\000\040\000d\000i\000f\000f\000u\000s\000i\000o\000n}{chapter.3}% 73
\BOOKMARK [1][-]{section.3.3}{\376\377\000B\000r\000o\000w\000n\000i\000a\000n\000\040\000w\000a\000l\000k\000e\000r}{chapter.3}% 74
\BOOKMARK [1][-]{section.3.4}{\376\377\000C\000D\000R\000\040\000p\000l\000a\000s\000m\000a}{chapter.3}% 75
