\BOOKMARK [0][-]{chapter.1}{\376\377\000I\000n\000t\000r\000o\000d\000u\000c\000t\000i\000o\000n}{}% 1
\BOOKMARK [1][-]{section.1.1}{\376\377\000G\000e\000t\000t\000i\000n\000g\000\040\000s\000t\000a\000r\000t\000e\000d}{chapter.1}% 2
\BOOKMARK [2][-]{subsection.1.1.1}{\376\377\000O\000b\000t\000a\000i\000n\000i\000n\000g\000\040\000P\000l\000a\000s\000m\000a\000C}{section.1.1}% 3
\BOOKMARK [2][-]{subsection.1.1.2}{\376\377\000P\000r\000e\000r\000e\000q\000u\000i\000s\000i\000t\000e\000s}{section.1.1}% 4
\BOOKMARK [3][-]{subsubsection.1.1.2.1}{\376\377\000I\000n\000s\000t\000a\000l\000l\000i\000n\000g\000\040\000H\000D\000F\0005}{subsection.1.1.2}% 5
\BOOKMARK [3][-]{subsubsection.1.1.2.2}{\376\377\000S\000e\000t\000t\000i\000n\000g\000\040\000u\000p\000\040\000y\000o\000u\000r\000\040\000e\000n\000v\000i\000r\000o\000n\000m\000e\000n\000t}{subsection.1.1.2}% 6
\BOOKMARK [2][-]{subsection.1.1.3}{\376\377\000C\000o\000m\000p\000i\000l\000i\000n\000g\000\040\000P\000l\000a\000s\000m\000a\000C}{section.1.1}% 7
\BOOKMARK [2][-]{subsection.1.1.4}{\376\377\000V\000i\000s\000u\000a\000l\000i\000z\000a\000t\000i\000o\000n}{section.1.1}% 8
\BOOKMARK [2][-]{subsection.1.1.5}{\376\377\000M\000y\000\040\000f\000i\000r\000s\000t\000\040\000c\000o\000m\000p\000i\000l\000a\000t\000i\000o\000n}{section.1.1}% 9
\BOOKMARK [2][-]{subsection.1.1.6}{\376\377\000T\000r\000o\000u\000b\000l\000e\000s\000h\000o\000o\000t\000i\000n\000g}{section.1.1}% 10
\BOOKMARK [2][-]{subsection.1.1.7}{\376\377\000U\000s\000i\000n\000g\000\040\000t\000h\000i\000s\000\040\000d\000o\000c\000u\000m\000e\000n\000t\000a\000t\000i\000o\000n}{section.1.1}% 11
\BOOKMARK [1][-]{section.1.2}{\376\377\000T\000h\000e\000\040\000P\000l\000a\000s\000m\000a\000C\000\040\000c\000o\000d\000e}{chapter.1}% 12
\BOOKMARK [2][-]{subsection.1.2.1}{\376\377\000M\000a\000i\000n\000\040\000f\000u\000n\000c\000t\000i\000o\000n\000a\000l\000i\000t\000y}{section.1.2}% 13
\BOOKMARK [3][-]{subsubsection.1.2.1.1}{\376\377\000S\000o\000l\000v\000e\000r\000s}{subsection.1.2.1}% 14
\BOOKMARK [3][-]{subsubsection.1.2.1.2}{\376\377\000S\000i\000m\000u\000l\000a\000t\000i\000o\000n\000\040\000i\000n\000p\000u\000t\000s}{subsection.1.2.1}% 15
\BOOKMARK [3][-]{subsubsection.1.2.1.3}{\376\377\000S\000i\000m\000u\000l\000a\000t\000i\000o\000n\000\040\000o\000u\000t\000p\000u\000t\000s}{subsection.1.2.1}% 16
\BOOKMARK [2][-]{subsection.1.2.2}{\376\377\000S\000p\000a\000t\000i\000a\000l\000\040\000d\000i\000s\000c\000r\000e\000t\000i\000z\000a\000t\000i\000o\000n}{section.1.2}% 17
\BOOKMARK [3][-]{subsubsection.1.2.2.1}{\376\377\000M\000e\000s\000h\000\040\000g\000e\000n\000e\000r\000a\000t\000i\000o\000n}{subsection.1.2.2}% 18
\BOOKMARK [3][-]{subsubsection.1.2.2.2}{\376\377\000G\000e\000o\000m\000e\000t\000r\000y\000\040\000g\000e\000n\000e\000r\000a\000t\000i\000o\000n}{subsection.1.2.2}% 19
\BOOKMARK [1][-]{section.1.3}{\376\377\000C\000h\000o\000m\000b\000o\000\040\000b\000a\000s\000i\000c\000s}{chapter.1}% 20
\BOOKMARK [2][-]{subsection.1.3.1}{\376\377\000R\000e\000a\000l}{section.1.3}% 21
\BOOKMARK [2][-]{subsection.1.3.2}{\376\377\000R\000e\000a\000l\000V\000e\000c\000t}{section.1.3}% 22
\BOOKMARK [2][-]{subsection.1.3.3}{\376\377\000I\000n\000t\000V\000e\000c\000t}{section.1.3}% 23
\BOOKMARK [2][-]{subsection.1.3.4}{\376\377\000B\000o\000x}{section.1.3}% 24
\BOOKMARK [2][-]{subsection.1.3.5}{\376\377\000E\000B\000C\000e\000l\000l\000F\000A\000B\000\040\000a\000n\000d\000\040\000F\000A\000r\000r\000a\000y\000B\000o\000x}{section.1.3}% 25
\BOOKMARK [2][-]{subsection.1.3.6}{\376\377\000V\000e\000c\000t\000o\000r}{section.1.3}% 26
\BOOKMARK [2][-]{subsection.1.3.7}{\376\377\000R\000e\000f\000C\000o\000u\000n\000t\000e\000d\000P\000t\000r}{section.1.3}% 27
\BOOKMARK [2][-]{subsection.1.3.8}{\376\377\000D\000i\000s\000j\000o\000i\000n\000t\000B\000o\000x\000L\000a\000y\000o\000u\000t}{section.1.3}% 28
\BOOKMARK [2][-]{subsection.1.3.9}{\376\377\000L\000e\000v\000e\000l\000D\000a\000t\000a}{section.1.3}% 29
\BOOKMARK [2][-]{subsection.1.3.10}{\376\377\000E\000B\000I\000S\000L\000a\000y\000o\000u\000t\000\040\000a\000n\000d\000\040\000E\000B\000I\000S\000B\000o\000x}{section.1.3}% 30
\BOOKMARK [0][-]{chapter.2}{\376\377\000U\000n\000d\000e\000r\000s\000t\000a\000n\000d\000i\000n\000g\000\040\000P\000l\000a\000s\000m\000a\000C}{}% 31
\BOOKMARK [1][-]{section.2.1}{\376\377\000R\000e\000a\000l\000m}{chapter.2}% 32
\BOOKMARK [1][-]{section.2.2}{\376\377\000U\000n\000d\000e\000r\000s\000t\000a\000n\000d\000i\000n\000g\000\040\000m\000e\000s\000h\000\040\000d\000a\000t\000a}{chapter.2}% 33
\BOOKMARK [1][-]{section.2.3}{\376\377\000U\000n\000d\000e\000r\000s\000t\000a\000n\000d\000i\000n\000g\000\040\000p\000a\000r\000t\000i\000c\000l\000e\000\040\000d\000a\000t\000a}{chapter.2}% 34
\BOOKMARK [2][-]{subsection.2.3.1}{\376\377\000p\000a\000r\000t\000i\000c\000l\000e\000\137\000c\000o\000n\000t\000a\000i\000n\000e\000r}{section.2.3}% 35
\BOOKMARK [2][-]{subsection.2.3.2}{\376\377\000A\000l\000l\000o\000c\000a\000t\000i\000n\000g\000\040\000p\000a\000r\000t\000i\000c\000l\000e\000s}{section.2.3}% 36
\BOOKMARK [2][-]{subsection.2.3.3}{\376\377\000P\000a\000r\000t\000i\000c\000l\000e\000D\000a\000t\000a}{section.2.3}% 37
\BOOKMARK [2][-]{subsection.2.3.4}{\376\377\000I\000t\000e\000r\000a\000t\000i\000n\000g\000\040\000o\000v\000e\000r\000\040\000p\000a\000r\000t\000i\000c\000l\000e\000s}{section.2.3}% 38
\BOOKMARK [2][-]{subsection.2.3.5}{\376\377\000P\000a\000r\000t\000i\000c\000l\000e\000V\000a\000l\000i\000d\000R\000e\000g\000i\000o\000n}{section.2.3}% 39
\BOOKMARK [2][-]{subsection.2.3.6}{\376\377\000R\000e\000m\000a\000p\000p\000i\000n\000g\000\040\000p\000a\000r\000t\000i\000c\000l\000e\000s}{section.2.3}% 40
\BOOKMARK [3][-]{subsubsection.2.3.6.1}{\376\377\000O\000u\000t\000c\000a\000s\000t\000s}{subsection.2.3.6}% 41
\BOOKMARK [1][-]{section.2.4}{\376\377\000C\000o\000n\000t\000r\000o\000l\000l\000i\000n\000g\000\040\000P\000l\000a\000s\000m\000a\000C}{chapter.2}% 42
\BOOKMARK [2][-]{subsection.2.4.1}{\376\377\000B\000a\000s\000i\000c\000\040\000c\000o\000m\000p\000i\000l\000i\000n\000g\000\040\000a\000n\000d\000\040\000r\000u\000n\000n\000i\000n\000g}{section.2.4}% 43
\BOOKMARK [2][-]{subsection.2.4.2}{\376\377\000C\000o\000n\000t\000r\000o\000l\000l\000i\000n\000g\000\040\000o\000u\000t\000p\000u\000t}{section.2.4}% 44
\BOOKMARK [2][-]{subsection.2.4.3}{\376\377\000C\000o\000n\000t\000r\000o\000l\000l\000i\000n\000g\000\040\000p\000r\000o\000c\000e\000s\000s\000o\000r\000\040\000o\000u\000t\000p\000u\000t}{section.2.4}% 45
\BOOKMARK [2][-]{subsection.2.4.4}{\376\377\000R\000e\000s\000t\000a\000r\000t\000i\000n\000g\000\040\000s\000i\000m\000u\000l\000a\000t\000i\000o\000n\000s}{section.2.4}% 46
\BOOKMARK [2][-]{subsection.2.4.5}{\376\377\000V\000i\000s\000u\000a\000l\000i\000z\000a\000t\000i\000o\000n}{section.2.4}% 47
\BOOKMARK [1][-]{section.2.5}{\376\377\000V\000i\000s\000u\000a\000l\000i\000z\000a\000t\000i\000o\000n}{chapter.2}% 48
\BOOKMARK [0][-]{chapter.3}{\376\377\000P\000l\000a\000s\000m\000a\000C\000\040\000d\000e\000s\000i\000g\000n}{}% 49
\BOOKMARK [1][-]{section.3.1}{\376\377\000d\000r\000i\000v\000e\000r}{chapter.3}% 50
\BOOKMARK [2][-]{subsection.3.1.1}{\376\377\000H\000o\000w\000\040\000f\000r\000e\000s\000h\000\040\000s\000i\000m\000u\000l\000a\000t\000i\000o\000n\000s\000\040\000a\000r\000e\000\040\000s\000e\000t\000\040\000u\000p}{section.3.1}% 51
\BOOKMARK [2][-]{subsection.3.1.2}{\376\377\000H\000o\000w\000\040\000s\000i\000m\000u\000l\000a\000t\000i\000o\000n\000s\000\040\000a\000r\000e\000\040\000r\000e\000s\000t\000a\000r\000t\000e\000d}{section.3.1}% 52
\BOOKMARK [2][-]{subsection.3.1.3}{\376\377\000H\000o\000w\000\040\000s\000i\000m\000u\000l\000a\000t\000i\000o\000n\000s\000\040\000a\000r\000e\000\040\000r\000u\000n}{section.3.1}% 53
\BOOKMARK [2][-]{subsection.3.1.4}{\376\377\000H\000o\000w\000\040\000r\000e\000g\000r\000i\000d\000s\000\040\000a\000r\000e\000\040\000p\000e\000r\000f\000o\000r\000m\000e\000d}{section.3.1}% 54
\BOOKMARK [2][-]{subsection.3.1.5}{\376\377\000C\000l\000a\000s\000s\000\040\000o\000p\000t\000i\000o\000n\000s}{section.3.1}% 55
\BOOKMARK [1][-]{section.3.2}{\376\377\000a\000m\000r\000\137\000m\000e\000s\000h}{chapter.3}% 56
\BOOKMARK [2][-]{subsection.3.2.1}{\376\377\000M\000a\000i\000n\000\040\000f\000u\000n\000c\000t\000i\000o\000n\000a\000l\000i\000t\000y}{section.3.2}% 57
\BOOKMARK [2][-]{subsection.3.2.2}{\376\377\000R\000e\000g\000i\000s\000t\000e\000r\000i\000n\000g\000\040\000o\000p\000e\000r\000a\000t\000o\000r\000s}{section.3.2}% 58
\BOOKMARK [2][-]{subsection.3.2.3}{\376\377\000C\000l\000a\000s\000s\000\040\000o\000p\000t\000i\000o\000n\000s}{section.3.2}% 59
\BOOKMARK [1][-]{section.3.3}{\376\377\000c\000o\000m\000p\000u\000t\000a\000t\000i\000o\000n\000a\000l\000\137\000g\000e\000o\000m\000e\000t\000r\000y}{chapter.3}% 60
\BOOKMARK [2][-]{subsection.3.3.1}{\376\377\000e\000l\000e\000c\000t\000r\000o\000d\000e}{section.3.3}% 61
\BOOKMARK [2][-]{subsection.3.3.2}{\376\377\000d\000i\000e\000l\000e\000c\000t\000r\000i\000c}{section.3.3}% 62
\BOOKMARK [2][-]{subsection.3.3.3}{\376\377\000H\000o\000w\000\040\000c\000o\000m\000p\000u\000t\000a\000t\000i\000o\000n\000a\000l\000\137\000g\000e\000o\000m\000e\000t\000r\000y\000\040\000w\000o\000r\000k\000s}{section.3.3}% 63
\BOOKMARK [1][-]{section.3.4}{\376\377\000t\000i\000m\000e\000\137\000s\000t\000e\000p\000p\000e\000r}{chapter.3}% 64
\BOOKMARK [1][-]{section.3.5}{\376\377\000c\000e\000l\000l\000\137\000t\000a\000g\000g\000e\000r}{chapter.3}% 65
\BOOKMARK [2][-]{subsection.3.5.1}{\376\377\000R\000e\000s\000t\000r\000i\000c\000t\000\040\000t\000a\000g\000g\000i\000n\000g}{section.3.5}% 66
\BOOKMARK [2][-]{subsection.3.5.2}{\376\377\000A\000d\000d\000i\000n\000g\000\040\000a\000\040\000b\000u\000f\000f\000e\000r}{section.3.5}% 67
\BOOKMARK [0][-]{chapter.4}{\376\377\000S\000u\000p\000p\000o\000r\000t\000e\000d\000\040\000S\000o\000l\000v\000e\000r\000s}{}% 68
\BOOKMARK [1][-]{section.4.1}{\376\377\000S\000o\000l\000v\000e\000r}{chapter.4}% 69
\BOOKMARK [1][-]{section.4.2}{\376\377\000C\000o\000n\000v\000e\000c\000t\000i\000o\000n\000-\000D\000i\000f\000f\000u\000s\000i\000o\000n\000-\000R\000e\000a\000c\000t\000i\000o\000n}{chapter.4}% 70
\BOOKMARK [2][-]{subsection.4.2.1}{\376\377\000c\000d\000r\000\137\000s\000o\000l\000v\000e\000r}{section.4.2}% 71
\BOOKMARK [2][-]{subsection.4.2.2}{\376\377\000U\000s\000i\000n\000g\000\040\000c\000d\000r\000\137\000s\000o\000l\000v\000e\000r}{section.4.2}% 72
\BOOKMARK [2][-]{subsection.4.2.3}{\376\377\000S\000e\000t\000t\000i\000n\000g\000\040\000u\000p\000\040\000t\000h\000e\000\040\000s\000o\000l\000v\000e\000r}{section.4.2}% 73
\BOOKMARK [2][-]{subsection.4.2.4}{\376\377\000F\000i\000l\000l\000i\000n\000g\000\040\000t\000h\000e\000\040\000s\000o\000l\000v\000e\000r}{section.4.2}% 74
\BOOKMARK [2][-]{subsection.4.2.5}{\376\377\000A\000d\000j\000u\000s\000t\000i\000n\000g\000\040\000o\000u\000t\000p\000u\000t}{section.4.2}% 75
\BOOKMARK [2][-]{subsection.4.2.6}{\376\377\000c\000d\000r\000\137\000s\000p\000e\000c\000i\000e\000s}{section.4.2}% 76
\BOOKMARK [2][-]{subsection.4.2.7}{\376\377\000D\000i\000s\000c\000r\000e\000t\000i\000z\000a\000t\000i\000o\000n\000\040\000d\000e\000t\000a\000i\000l\000s}{section.4.2}% 77
\BOOKMARK [3][-]{subsubsection.4.2.7.1}{\376\377\000C\000o\000m\000p\000u\000t\000i\000n\000g\000\040\000e\000x\000p\000l\000i\000c\000i\000t\000\040\000d\000i\000v\000e\000r\000g\000e\000n\000c\000e\000s}{subsection.4.2.7}% 78
\BOOKMARK [3][-]{subsubsection.4.2.7.2}{\376\377\000M\000a\000i\000n\000t\000a\000i\000n\000i\000n\000g\000\040\000n\000o\000n\000-\000n\000e\000g\000a\000t\000i\000v\000e\000\040\000d\000e\000n\000s\000i\000t\000i\000e\000s}{subsection.4.2.7}% 79
\BOOKMARK [3][-]{subsubsection.4.2.7.3}{\376\377\000E\000x\000p\000l\000i\000c\000i\000t\000\040\000a\000d\000v\000e\000c\000t\000i\000o\000n}{subsection.4.2.7}% 80
\BOOKMARK [3][-]{subsubsection.4.2.7.4}{\376\377\000E\000x\000p\000l\000i\000c\000i\000t\000\040\000d\000i\000f\000f\000u\000s\000i\000o\000n}{subsection.4.2.7}% 81
\BOOKMARK [3][-]{subsubsection.4.2.7.5}{\376\377\000E\000x\000p\000l\000i\000c\000i\000t\000\040\000a\000d\000v\000e\000c\000t\000i\000o\000n\000-\000d\000i\000f\000f\000u\000s\000i\000o\000n}{subsection.4.2.7}% 82
\BOOKMARK [3][-]{subsubsection.4.2.7.6}{\376\377\000I\000m\000p\000l\000i\000c\000i\000t\000\040\000d\000i\000f\000f\000u\000s\000i\000o\000n}{subsection.4.2.7}% 83
\BOOKMARK [3][-]{subsubsection.4.2.7.7}{\376\377\000A\000d\000d\000i\000n\000g\000\040\000a\000\040\000s\000t\000o\000c\000h\000a\000s\000t\000i\000c\000\040\000f\000l\000u\000x}{subsection.4.2.7}% 84
\BOOKMARK [1][-]{section.4.3}{\376\377\000P\000o\000i\000s\000s\000o\000n}{chapter.4}% 85
\BOOKMARK [2][-]{subsection.4.3.1}{\376\377\000S\000e\000t\000t\000i\000n\000g\000\040\000u\000p\000\040\000t\000h\000e\000\040\000s\000o\000l\000v\000e\000r}{section.4.3}% 86
\BOOKMARK [2][-]{subsection.4.3.2}{\376\377\000B\000o\000u\000n\000d\000a\000r\000y\000\040\000c\000o\000n\000d\000i\000t\000i\000o\000n\000s}{section.4.3}% 87
\BOOKMARK [2][-]{subsection.4.3.3}{\376\377\000T\000u\000n\000i\000n\000g\000\040\000m\000u\000l\000t\000i\000g\000r\000i\000d\000\040\000p\000e\000r\000f\000o\000r\000m\000a\000n\000c\000e}{section.4.3}% 88
\BOOKMARK [2][-]{subsection.4.3.4}{\376\377\000A\000d\000j\000u\000s\000t\000i\000n\000g\000\040\000o\000u\000t\000p\000u\000t}{section.4.3}% 89
\BOOKMARK [1][-]{section.4.4}{\376\377\000R\000a\000d\000i\000a\000t\000i\000v\000e\000\040\000t\000r\000a\000n\000s\000f\000e\000r}{chapter.4}% 90
\BOOKMARK [2][-]{subsection.4.4.1}{\376\377\000D\000i\000f\000f\000u\000s\000i\000o\000n\000\040\000a\000p\000p\000r\000o\000x\000i\000m\000a\000t\000i\000o\000n}{section.4.4}% 91
\BOOKMARK [2][-]{subsection.4.4.2}{\376\377\000M\000o\000n\000t\000e\000\040\000C\000a\000r\000l\000o\000\040\000m\000e\000t\000h\000o\000d\000s}{section.4.4}% 92
\BOOKMARK [3][-]{subsubsection.4.4.2.1}{\376\377\000p\000h\000o\000t\000o\000n\000\040\000p\000a\000r\000t\000i\000c\000l\000e}{subsection.4.4.2}% 93
\BOOKMARK [3][-]{subsubsection.4.4.2.2}{\376\377\000I\000n\000t\000e\000r\000a\000c\000t\000i\000o\000n\000\040\000w\000i\000t\000h\000\040\000b\000o\000u\000n\000d\000a\000r\000i\000e\000s}{subsection.4.4.2}% 94
\BOOKMARK [3][-]{subsubsection.4.4.2.3}{\376\377\000S\000t\000a\000t\000i\000o\000n\000a\000r\000y\000\040\000M\000o\000n\000t\000e\000\040\000C\000a\000r\000l\000o}{subsection.4.4.2}% 95
\BOOKMARK [3][-]{subsubsection.4.4.2.4}{\376\377\000T\000r\000a\000n\000s\000i\000e\000n\000t\000\040\000M\000o\000n\000t\000e\000\040\000C\000a\000r\000l\000o}{subsection.4.4.2}% 96
\BOOKMARK [2][-]{subsection.4.4.3}{\376\377\000L\000i\000m\000i\000t\000a\000t\000i\000o\000n\000s}{section.4.4}% 97
\BOOKMARK [1][-]{section.4.5}{\376\377\000S\000u\000r\000f\000a\000c\000e\000\040\000c\000h\000a\000r\000g\000e\000\040\000s\000o\000l\000v\000e\000r}{chapter.4}% 98
\BOOKMARK [1][-]{section.4.6}{\376\377\000\316\000t\000o\000\040\000d\000i\000f\000f\000u\000s\000i\000o\000n}{chapter.4}% 99
\BOOKMARK [2][-]{subsection.4.6.1}{\376\377\000T\000h\000e\000\040\000\316\000t\000o\000\040\000p\000a\000r\000t\000i\000c\000l\000e}{section.4.6}% 100
\BOOKMARK [2][-]{subsection.4.6.2}{\376\377\000i\000t\000o\000\137\000s\000p\000e\000c\000i\000e\000s}{section.4.6}% 101
\BOOKMARK [3][-]{subsubsection.4.6.2.1}{\376\377\000S\000e\000t\000t\000i\000n\000g\000\040\000i\000n\000i\000t\000i\000a\000l\000\040\000c\000o\000n\000d\000i\000t\000i\000o\000n\000s}{subsection.4.6.2}% 102
\BOOKMARK [2][-]{subsection.4.6.3}{\376\377\000C\000o\000m\000p\000u\000t\000i\000n\000g\000\040\000t\000i\000m\000e\000\040\000s\000t\000e\000p\000s}{section.4.6}% 103
\BOOKMARK [3][-]{subsubsection.4.6.3.1}{\376\377\000D\000r\000i\000f\000t}{subsection.4.6.3}% 104
\BOOKMARK [3][-]{subsubsection.4.6.3.2}{\376\377\000D\000i\000f\000f\000u\000s\000i\000o\000n}{subsection.4.6.3}% 105
\BOOKMARK [2][-]{subsection.4.6.4}{\376\377\000R\000e\000m\000a\000p\000p\000i\000n\000g\000\040\000p\000a\000r\000t\000i\000c\000l\000e\000s}{section.4.6}% 106
\BOOKMARK [2][-]{subsection.4.6.5}{\376\377\000L\000i\000m\000i\000t\000a\000t\000i\000o\000n\000s}{section.4.6}% 107
\BOOKMARK [0][-]{chapter.5}{\376\377\000I\000m\000p\000l\000e\000m\000e\000n\000t\000e\000d\000\040\000m\000o\000d\000e\000l\000s}{}% 108
\BOOKMARK [1][-]{section.5.1}{\376\377\000P\000o\000i\000s\000s\000o\000n\000\040\000m\000o\000d\000e\000l}{chapter.5}% 109
\BOOKMARK [1][-]{section.5.2}{\376\377\000A\000d\000v\000e\000c\000t\000i\000o\000n\000\040\000d\000i\000f\000f\000u\000s\000i\000o\000n\000\040\000m\000o\000d\000e\000l}{chapter.5}% 110
\BOOKMARK [1][-]{section.5.3}{\376\377\000B\000r\000o\000w\000n\000i\000a\000n\000\040\000w\000a\000l\000k\000e\000r\000\040\000m\000o\000d\000e\000l}{chapter.5}% 111
\BOOKMARK [1][-]{section.5.4}{\376\377\000M\000i\000n\000i\000m\000a\000l\000\040\000p\000l\000a\000s\000m\000a\000\040\000m\000o\000d\000e\000l}{chapter.5}% 112
\BOOKMARK [2][-]{subsection.5.4.1}{\376\377\000E\000q\000u\000a\000t\000i\000o\000n\000s\000\040\000o\000f\000\040\000m\000o\000t\000i\000o\000n}{section.5.4}% 113
\BOOKMARK [2][-]{subsection.5.4.2}{\376\377\000c\000d\000r\000\137\000p\000l\000a\000s\000m\000a\000\137\000p\000h\000y\000s\000i\000c\000s}{section.5.4}% 114
\BOOKMARK [3][-]{subsubsection.5.4.2.1}{\376\377\000D\000e\000f\000i\000n\000i\000n\000g\000\040\000d\000r\000i\000f\000t\000\040\000v\000e\000l\000o\000c\000i\000t\000i\000e\000s}{subsection.5.4.2}% 115
\BOOKMARK [3][-]{subsubsection.5.4.2.2}{\376\377\000D\000e\000f\000i\000n\000i\000n\000g\000\040\000d\000i\000f\000f\000u\000s\000i\000o\000n\000\040\000c\000o\000e\000f\000f\000i\000c\000i\000e\000n\000t\000s}{subsection.5.4.2}% 116
\BOOKMARK [3][-]{subsubsection.5.4.2.3}{\376\377\000D\000e\000f\000i\000n\000i\000n\000g\000\040\000c\000h\000e\000m\000i\000s\000t\000r\000y\000\040\000t\000e\000r\000m\000s}{subsection.5.4.2}% 117
\BOOKMARK [3][-]{subsubsection.5.4.2.4}{\376\377\000D\000e\000f\000i\000n\000i\000n\000g\000\040\000p\000h\000o\000t\000o\000n\000\040\000p\000r\000o\000d\000u\000c\000t\000i\000o\000n\000\040\000t\000e\000r\000m\000s}{subsection.5.4.2}% 118
\BOOKMARK [3][-]{subsubsection.5.4.2.5}{\376\377\000S\000e\000t\000t\000i\000n\000g\000\040\000t\000r\000a\000n\000s\000p\000o\000r\000t\000\040\000b\000o\000u\000n\000d\000a\000r\000y\000\040\000c\000o\000n\000d\000i\000t\000i\000o\000n\000s}{subsection.5.4.2}% 119
\BOOKMARK [3][-]{subsubsection.5.4.2.6}{\376\377\000S\000e\000t\000t\000i\000n\000g\000\040\000i\000n\000i\000t\000i\000a\000l\000\040\000s\000u\000r\000f\000a\000c\000e\000\040\000c\000h\000a\000r\000g\000e}{subsection.5.4.2}% 120
\BOOKMARK [3][-]{subsubsection.5.4.2.7}{\376\377\000s\000p\000e\000c\000i\000e\000s}{subsection.5.4.2}% 121
\BOOKMARK [3][-]{subsubsection.5.4.2.8}{\376\377\000p\000h\000o\000t\000o\000n\000s}{subsection.5.4.2}% 122
\BOOKMARK [2][-]{subsection.5.4.3}{\376\377\000T\000e\000m\000p\000o\000r\000a\000l\000\040\000d\000i\000s\000c\000r\000e\000t\000i\000z\000a\000t\000i\000o\000n}{section.5.4}% 123
\BOOKMARK [2][-]{subsection.5.4.4}{\376\377\000T\000i\000m\000e\000\040\000s\000t\000e\000p\000\040\000l\000i\000m\000i\000t\000a\000t\000i\000o\000n\000s}{section.5.4}% 124
\BOOKMARK [2][-]{subsection.5.4.5}{\376\377\000D\000e\000t\000e\000r\000m\000i\000n\000i\000s\000t\000i\000c\000\040\000i\000n\000t\000e\000g\000r\000a\000t\000o\000r\000s}{section.5.4}% 125
\BOOKMARK [3][-]{subsubsection.5.4.5.1}{\376\377\000g\000o\000d\000u\000n\000o\000v}{subsection.5.4.5}% 126
\BOOKMARK [3][-]{subsubsection.5.4.5.2}{\376\377\000i\000m\000e\000x\000\040\000s\000d\000c}{subsection.5.4.5}% 127
\BOOKMARK [2][-]{subsection.5.4.6}{\376\377\000S\000t\000o\000c\000h\000a\000s\000t\000i\000c\000\040\000i\000n\000t\000e\000g\000r\000a\000t\000o\000r\000s}{section.5.4}% 128
\BOOKMARK [3][-]{subsubsection.5.4.6.1}{\376\377\000e\000u\000l\000e\000r\000\137\000m\000a\000r\000u\000y\000a\000m\000a}{subsection.5.4.6}% 129
\BOOKMARK [0][-]{chapter.6}{\376\377\000T\000u\000t\000o\000r\000i\000a\000l}{}% 130
\BOOKMARK [1][-]{section.6.1}{\376\377\000I\000n\000t\000r\000o\000d\000u\000c\000t\000i\000o\000n}{chapter.6}% 131
\BOOKMARK [1][-]{section.6.2}{\376\377\000S\000e\000t\000t\000i\000n\000g\000\040\000u\000p\000\040\000t\000i\000m\000e\000\137\000s\000t\000e\000p\000p\000e\000r}{chapter.6}% 132
\BOOKMARK [0][-]{chapter.7}{\376\377\000R\000e\000f\000e\000r\000e\000n\000c\000e\000s}{}% 133
\BOOKMARK [1][-]{section.7.1}{\376\377\000R\000e\000f\000e\000r\000e\000n\000c\000e\000s}{chapter.7}% 134
\BOOKMARK [0][-]{chapter*.7}{\376\377\000B\000i\000b\000l\000i\000o\000g\000r\000a\000p\000h\000y}{}% 135
